2025-07-07 11:12:43,089:WARNING:
'cuml' is a soft dependency and not included in the pycaret installation. Please run: `pip install cuml` to install.
2025-07-07 11:12:43,094:WARNING:
'cuml' is a soft dependency and not included in the pycaret installation. Please run: `pip install cuml` to install.
2025-07-07 11:12:43,094:WARNING:
'cuml' is a soft dependency and not included in the pycaret installation. Please run: `pip install cuml` to install.
2025-07-07 11:12:43,094:WARNING:
'cuml' is a soft dependency and not included in the pycaret installation. Please run: `pip install cuml` to install.
2025-07-07 11:13:13,733:INFO:PyCaret ClassificationExperiment
2025-07-07 11:13:13,733:INFO:Logging name: clf-default-name
2025-07-07 11:13:13,738:INFO:ML Usecase: MLUsecase.CLASSIFICATION
2025-07-07 11:13:13,738:INFO:version 3.3.2
2025-07-07 11:13:13,738:INFO:Initializing setup()
2025-07-07 11:13:13,738:INFO:self.USI: d174
2025-07-07 11:13:13,738:INFO:self._variable_keys: {'idx', 'target_param', 'y_train', 'y_test', 'X', 'gpu_n_jobs_param', 'pipeline', 'y', 'data', 'fold_shuffle_param', 'USI', 'n_jobs_param', 'gpu_param', 'html_param', 'memory', 'exp_name_log', 'X_test', 'fold_groups_param', 'X_train', 'is_multiclass', '_available_plots', '_ml_usecase', 'log_plots_param', 'fix_imbalance', 'logging_param', 'seed', 'fold_generator', 'exp_id'}
2025-07-07 11:13:13,738:INFO:Checking environment
2025-07-07 11:13:13,738:INFO:python_version: 3.10.11
2025-07-07 11:13:13,738:INFO:python_build: ('tags/v3.10.11:7d4cc5a', 'Apr  5 2023 00:38:17')
2025-07-07 11:13:13,738:INFO:machine: AMD64
2025-07-07 11:13:13,738:INFO:platform: Windows-10-10.0.26100-SP0
2025-07-07 11:13:13,741:INFO:Memory: svmem(total=8262639616, available=902787072, percent=89.1, used=7359852544, free=902787072)
2025-07-07 11:13:13,741:INFO:Physical Core: 8
2025-07-07 11:13:13,741:INFO:Logical Core: 12
2025-07-07 11:13:13,741:INFO:Checking libraries
2025-07-07 11:13:13,741:INFO:System:
2025-07-07 11:13:13,741:INFO:    python: 3.10.11 (tags/v3.10.11:7d4cc5a, Apr  5 2023, 00:38:17) [MSC v.1929 64 bit (AMD64)]
2025-07-07 11:13:13,741:INFO:executable: c:\Users\Administrator\AppData\Local\Programs\Python\Python310\python.exe
2025-07-07 11:13:13,741:INFO:   machine: Windows-10-10.0.26100-SP0
2025-07-07 11:13:13,741:INFO:PyCaret required dependencies:
2025-07-07 11:13:13,900:INFO:                 pip: 25.1.1
2025-07-07 11:13:13,900:INFO:          setuptools: 65.5.0
2025-07-07 11:13:13,900:INFO:             pycaret: 3.3.2
2025-07-07 11:13:13,900:INFO:             IPython: 8.37.0
2025-07-07 11:13:13,900:INFO:          ipywidgets: 8.1.7
2025-07-07 11:13:13,900:INFO:                tqdm: 4.67.1
2025-07-07 11:13:13,900:INFO:               numpy: 1.26.4
2025-07-07 11:13:13,900:INFO:              pandas: 2.1.4
2025-07-07 11:13:13,900:INFO:              jinja2: 3.1.6
2025-07-07 11:13:13,900:INFO:               scipy: 1.11.4
2025-07-07 11:13:13,900:INFO:              joblib: 1.3.2
2025-07-07 11:13:13,900:INFO:             sklearn: 1.4.2
2025-07-07 11:13:13,900:INFO:                pyod: 2.0.5
2025-07-07 11:13:13,900:INFO:            imblearn: 0.13.0
2025-07-07 11:13:13,900:INFO:   category_encoders: 2.7.0
2025-07-07 11:13:13,900:INFO:            lightgbm: 4.6.0
2025-07-07 11:13:13,900:INFO:               numba: 0.61.2
2025-07-07 11:13:13,900:INFO:            requests: 2.32.4
2025-07-07 11:13:13,900:INFO:          matplotlib: 3.7.5
2025-07-07 11:13:13,900:INFO:          scikitplot: 0.3.7
2025-07-07 11:13:13,900:INFO:         yellowbrick: 1.5
2025-07-07 11:13:13,900:INFO:              plotly: 5.24.1
2025-07-07 11:13:13,900:INFO:    plotly-resampler: Not installed
2025-07-07 11:13:13,900:INFO:             kaleido: 1.0.0
2025-07-07 11:13:13,900:INFO:           schemdraw: 0.15
2025-07-07 11:13:13,900:INFO:         statsmodels: 0.14.4
2025-07-07 11:13:13,900:INFO:              sktime: 0.26.0
2025-07-07 11:13:13,900:INFO:               tbats: 1.1.3
2025-07-07 11:13:13,900:INFO:            pmdarima: 2.0.4
2025-07-07 11:13:13,900:INFO:              psutil: 7.0.0
2025-07-07 11:13:13,900:INFO:          markupsafe: 3.0.2
2025-07-07 11:13:13,900:INFO:             pickle5: Not installed
2025-07-07 11:13:13,900:INFO:         cloudpickle: 3.1.1
2025-07-07 11:13:13,900:INFO:         deprecation: 2.1.0
2025-07-07 11:13:13,900:INFO:              xxhash: 3.5.0
2025-07-07 11:13:13,900:INFO:           wurlitzer: Not installed
2025-07-07 11:13:13,900:INFO:PyCaret optional dependencies:
2025-07-07 11:13:13,923:INFO:                shap: Not installed
2025-07-07 11:13:13,923:INFO:           interpret: Not installed
2025-07-07 11:13:13,923:INFO:                umap: Not installed
2025-07-07 11:13:13,923:INFO:     ydata_profiling: Not installed
2025-07-07 11:13:13,923:INFO:  explainerdashboard: Not installed
2025-07-07 11:13:13,923:INFO:             autoviz: Not installed
2025-07-07 11:13:13,923:INFO:           fairlearn: Not installed
2025-07-07 11:13:13,923:INFO:          deepchecks: Not installed
2025-07-07 11:13:13,923:INFO:             xgboost: Not installed
2025-07-07 11:13:13,923:INFO:            catboost: Not installed
2025-07-07 11:13:13,923:INFO:              kmodes: Not installed
2025-07-07 11:13:13,923:INFO:             mlxtend: Not installed
2025-07-07 11:13:13,923:INFO:       statsforecast: Not installed
2025-07-07 11:13:13,923:INFO:        tune_sklearn: Not installed
2025-07-07 11:13:13,923:INFO:                 ray: Not installed
2025-07-07 11:13:13,923:INFO:            hyperopt: Not installed
2025-07-07 11:13:13,923:INFO:              optuna: Not installed
2025-07-07 11:13:13,923:INFO:               skopt: Not installed
2025-07-07 11:13:13,923:INFO:              mlflow: Not installed
2025-07-07 11:13:13,923:INFO:              gradio: Not installed
2025-07-07 11:13:13,923:INFO:             fastapi: Not installed
2025-07-07 11:13:13,923:INFO:             uvicorn: Not installed
2025-07-07 11:13:13,923:INFO:              m2cgen: Not installed
2025-07-07 11:13:13,923:INFO:           evidently: Not installed
2025-07-07 11:13:13,923:INFO:               fugue: Not installed
2025-07-07 11:13:13,923:INFO:           streamlit: Not installed
2025-07-07 11:13:13,923:INFO:             prophet: Not installed
2025-07-07 11:13:13,923:INFO:None
2025-07-07 11:13:13,923:INFO:Set up data.
2025-07-07 11:13:13,956:INFO:Set up folding strategy.
2025-07-07 11:13:13,956:INFO:Set up train/test split.
2025-07-07 11:13:14,014:INFO:Set up index.
2025-07-07 11:13:14,014:INFO:Assigning column types.
2025-07-07 11:13:14,046:INFO:Engine successfully changes for model 'lr' to 'sklearn'.
2025-07-07 11:13:14,105:INFO:Engine for model 'knn' has not been set explicitly, hence returning None.
2025-07-07 11:13:14,107:INFO:Engine for model 'rbfsvm' has not been set explicitly, hence returning None.
2025-07-07 11:13:14,166:WARNING:
'xgboost' is a soft dependency and not included in the pycaret installation. Please run: `pip install xgboost` to install.
Alternately, you can install this by running `pip install pycaret[models]`
2025-07-07 11:13:14,166:WARNING:
'catboost' is a soft dependency and not included in the pycaret installation. Please run: `pip install catboost` to install.
Alternately, you can install this by running `pip install pycaret[models]`
2025-07-07 11:13:14,221:INFO:Engine for model 'knn' has not been set explicitly, hence returning None.
2025-07-07 11:13:14,221:INFO:Engine for model 'rbfsvm' has not been set explicitly, hence returning None.
2025-07-07 11:13:14,253:WARNING:
'xgboost' is a soft dependency and not included in the pycaret installation. Please run: `pip install xgboost` to install.
Alternately, you can install this by running `pip install pycaret[models]`
2025-07-07 11:13:14,253:WARNING:
'catboost' is a soft dependency and not included in the pycaret installation. Please run: `pip install catboost` to install.
Alternately, you can install this by running `pip install pycaret[models]`
2025-07-07 11:13:14,261:INFO:Engine successfully changes for model 'knn' to 'sklearn'.
2025-07-07 11:13:14,311:INFO:Engine for model 'rbfsvm' has not been set explicitly, hence returning None.
2025-07-07 11:13:14,344:WARNING:
'xgboost' is a soft dependency and not included in the pycaret installation. Please run: `pip install xgboost` to install.
Alternately, you can install this by running `pip install pycaret[models]`
2025-07-07 11:13:14,344:WARNING:
'catboost' is a soft dependency and not included in the pycaret installation. Please run: `pip install catboost` to install.
Alternately, you can install this by running `pip install pycaret[models]`
2025-07-07 11:13:14,402:INFO:Engine for model 'rbfsvm' has not been set explicitly, hence returning None.
2025-07-07 11:13:14,435:WARNING:
'xgboost' is a soft dependency and not included in the pycaret installation. Please run: `pip install xgboost` to install.
Alternately, you can install this by running `pip install pycaret[models]`
2025-07-07 11:13:14,435:WARNING:
'catboost' is a soft dependency and not included in the pycaret installation. Please run: `pip install catboost` to install.
Alternately, you can install this by running `pip install pycaret[models]`
2025-07-07 11:13:14,435:INFO:Engine successfully changes for model 'rbfsvm' to 'sklearn'.
2025-07-07 11:13:14,521:WARNING:
'xgboost' is a soft dependency and not included in the pycaret installation. Please run: `pip install xgboost` to install.
Alternately, you can install this by running `pip install pycaret[models]`
2025-07-07 11:13:14,521:WARNING:
'catboost' is a soft dependency and not included in the pycaret installation. Please run: `pip install catboost` to install.
Alternately, you can install this by running `pip install pycaret[models]`
2025-07-07 11:13:14,608:WARNING:
'xgboost' is a soft dependency and not included in the pycaret installation. Please run: `pip install xgboost` to install.
Alternately, you can install this by running `pip install pycaret[models]`
2025-07-07 11:13:14,608:WARNING:
'catboost' is a soft dependency and not included in the pycaret installation. Please run: `pip install catboost` to install.
Alternately, you can install this by running `pip install pycaret[models]`
2025-07-07 11:13:14,656:INFO:Preparing preprocessing pipeline...
2025-07-07 11:13:14,664:INFO:Set up simple imputation.
2025-07-07 11:13:14,672:INFO:Set up column name cleaning.
2025-07-07 11:13:14,806:INFO:Finished creating preprocessing pipeline.
2025-07-07 11:13:14,817:INFO:Pipeline: Pipeline(memory=FastMemory(location=C:\Users\ADMINI~1\AppData\Local\Temp\joblib),
         steps=[('numerical_imputer',
                 TransformerWrapper(exclude=None,
                                    include=['age', 'balance', 'day',
                                             'duration', 'campaign', 'pdays',
                                             'previous', 'contacted_before'],
                                    transformer=SimpleImputer(add_indicator=False,
                                                              copy=True,
                                                              fill_value=None,
                                                              keep_empty_features=False,
                                                              missing_values=nan,...
                ('categorical_imputer',
                 TransformerWrapper(exclude=None, include=[],
                                    transformer=SimpleImputer(add_indicator=False,
                                                              copy=True,
                                                              fill_value=None,
                                                              keep_empty_features=False,
                                                              missing_values=nan,
                                                              strategy='most_frequent'))),
                ('clean_column_names',
                 TransformerWrapper(exclude=None, include=None,
                                    transformer=CleanColumnNames(match='[\\]\\[\\,\\{\\}\\"\\:]+')))],
         verbose=False)
2025-07-07 11:13:14,817:INFO:Creating final display dataframe.
2025-07-07 11:13:15,192:INFO:Setup _display_container:                     Description             Value
0                    Session id               123
1                        Target                 y
2                   Target type            Binary
3           Original data shape       (45211, 44)
4        Transformed data shape       (45211, 44)
5   Transformed train set shape       (31647, 44)
6    Transformed test set shape       (13564, 44)
7              Numeric features                 8
8                    Preprocess              True
9               Imputation type            simple
10           Numeric imputation              mean
11       Categorical imputation              mode
12               Fold Generator   StratifiedKFold
13                  Fold Number                10
14                     CPU Jobs                -1
15                      Use GPU             False
16               Log Experiment             False
17              Experiment Name  clf-default-name
18                          USI              d174
2025-07-07 11:13:15,296:WARNING:
'xgboost' is a soft dependency and not included in the pycaret installation. Please run: `pip install xgboost` to install.
Alternately, you can install this by running `pip install pycaret[models]`
2025-07-07 11:13:15,296:WARNING:
'catboost' is a soft dependency and not included in the pycaret installation. Please run: `pip install catboost` to install.
Alternately, you can install this by running `pip install pycaret[models]`
2025-07-07 11:13:15,396:WARNING:
'xgboost' is a soft dependency and not included in the pycaret installation. Please run: `pip install xgboost` to install.
Alternately, you can install this by running `pip install pycaret[models]`
2025-07-07 11:13:15,397:WARNING:
'catboost' is a soft dependency and not included in the pycaret installation. Please run: `pip install catboost` to install.
Alternately, you can install this by running `pip install pycaret[models]`
2025-07-07 11:13:15,399:INFO:setup() successfully completed in 1.68s...............
2025-07-07 11:13:15,399:INFO:Initializing compare_models()
2025-07-07 11:13:15,399:INFO:compare_models(self=<pycaret.classification.oop.ClassificationExperiment object at 0x000001396C5B0190>, include=None, fold=None, round=4, cross_validation=True, sort=Accuracy, n_select=1, budget_time=None, turbo=True, errors=ignore, fit_kwargs=None, groups=None, experiment_custom_tags=None, probability_threshold=None, verbose=True, parallel=None, caller_params={'self': <pycaret.classification.oop.ClassificationExperiment object at 0x000001396C5B0190>, 'include': None, 'exclude': None, 'fold': None, 'round': 4, 'cross_validation': True, 'sort': 'Accuracy', 'n_select': 1, 'budget_time': None, 'turbo': True, 'errors': 'ignore', 'fit_kwargs': None, 'groups': None, 'experiment_custom_tags': None, 'probability_threshold': None, 'engine': None, 'verbose': True, 'parallel': None, '__class__': <class 'pycaret.classification.oop.ClassificationExperiment'>}, exclude=None)
2025-07-07 11:13:15,399:INFO:Checking exceptions
2025-07-07 11:13:15,436:INFO:Preparing display monitor
2025-07-07 11:13:15,519:INFO:Initializing Logistic Regression
2025-07-07 11:13:15,519:INFO:Total runtime is 0.0 minutes
2025-07-07 11:13:15,525:INFO:SubProcess create_model() called ==================================
2025-07-07 11:13:15,525:INFO:Initializing create_model()
2025-07-07 11:13:15,525:INFO:create_model(self=<pycaret.classification.oop.ClassificationExperiment object at 0x000001396C5B0190>, estimator=lr, fold=StratifiedKFold(n_splits=10, random_state=None, shuffle=False), round=4, cross_validation=True, predict=True, fit_kwargs={}, groups=None, refit=False, probability_threshold=None, experiment_custom_tags=None, verbose=False, system=False, add_to_model_list=True, metrics=None, display=<pycaret.internal.display.display.CommonDisplay object at 0x00000139731C7460>, model_only=True, return_train_score=False, error_score=0.0, kwargs={})
2025-07-07 11:13:15,525:INFO:Checking exceptions
2025-07-07 11:13:15,525:INFO:Importing libraries
2025-07-07 11:13:15,525:INFO:Copying training dataset
2025-07-07 11:13:15,585:INFO:Defining folds
2025-07-07 11:13:15,585:INFO:Declaring metric variables
2025-07-07 11:13:15,590:INFO:Importing untrained model
2025-07-07 11:13:15,590:INFO:Logistic Regression Imported successfully
2025-07-07 11:13:15,599:INFO:Starting cross validation
2025-07-07 11:13:15,607:INFO:Cross validating with StratifiedKFold(n_splits=10, random_state=None, shuffle=False), n_jobs=-1
2025-07-07 11:13:40,378:WARNING:c:\Users\Administrator\AppData\Local\Programs\Python\Python310\lib\site-packages\sklearn\linear_model\_logistic.py:469: ConvergenceWarning: lbfgs failed to converge (status=1):
STOP: TOTAL NO. of ITERATIONS REACHED LIMIT.

Increase the number of iterations (max_iter) or scale the data as shown in:
    https://scikit-learn.org/stable/modules/preprocessing.html
Please also refer to the documentation for alternative solver options:
    https://scikit-learn.org/stable/modules/linear_model.html#logistic-regression
  n_iter_i = _check_optimize_result(

2025-07-07 11:13:40,378:WARNING:c:\Users\Administrator\AppData\Local\Programs\Python\Python310\lib\site-packages\sklearn\linear_model\_logistic.py:469: ConvergenceWarning: lbfgs failed to converge (status=1):
STOP: TOTAL NO. of ITERATIONS REACHED LIMIT.

Increase the number of iterations (max_iter) or scale the data as shown in:
    https://scikit-learn.org/stable/modules/preprocessing.html
Please also refer to the documentation for alternative solver options:
    https://scikit-learn.org/stable/modules/linear_model.html#logistic-regression
  n_iter_i = _check_optimize_result(

2025-07-07 11:13:40,380:WARNING:c:\Users\Administrator\AppData\Local\Programs\Python\Python310\lib\site-packages\sklearn\linear_model\_logistic.py:469: ConvergenceWarning: lbfgs failed to converge (status=1):
STOP: TOTAL NO. of ITERATIONS REACHED LIMIT.

Increase the number of iterations (max_iter) or scale the data as shown in:
    https://scikit-learn.org/stable/modules/preprocessing.html
Please also refer to the documentation for alternative solver options:
    https://scikit-learn.org/stable/modules/linear_model.html#logistic-regression
  n_iter_i = _check_optimize_result(

2025-07-07 11:13:40,436:WARNING:c:\Users\Administrator\AppData\Local\Programs\Python\Python310\lib\site-packages\sklearn\linear_model\_logistic.py:469: ConvergenceWarning: lbfgs failed to converge (status=1):
STOP: TOTAL NO. of ITERATIONS REACHED LIMIT.

Increase the number of iterations (max_iter) or scale the data as shown in:
    https://scikit-learn.org/stable/modules/preprocessing.html
Please also refer to the documentation for alternative solver options:
    https://scikit-learn.org/stable/modules/linear_model.html#logistic-regression
  n_iter_i = _check_optimize_result(

2025-07-07 11:13:40,453:WARNING:c:\Users\Administrator\AppData\Local\Programs\Python\Python310\lib\site-packages\sklearn\linear_model\_logistic.py:469: ConvergenceWarning: lbfgs failed to converge (status=1):
STOP: TOTAL NO. of ITERATIONS REACHED LIMIT.

Increase the number of iterations (max_iter) or scale the data as shown in:
    https://scikit-learn.org/stable/modules/preprocessing.html
Please also refer to the documentation for alternative solver options:
    https://scikit-learn.org/stable/modules/linear_model.html#logistic-regression
  n_iter_i = _check_optimize_result(

2025-07-07 11:13:40,540:WARNING:c:\Users\Administrator\AppData\Local\Programs\Python\Python310\lib\site-packages\sklearn\linear_model\_logistic.py:469: ConvergenceWarning: lbfgs failed to converge (status=1):
STOP: TOTAL NO. of ITERATIONS REACHED LIMIT.

Increase the number of iterations (max_iter) or scale the data as shown in:
    https://scikit-learn.org/stable/modules/preprocessing.html
Please also refer to the documentation for alternative solver options:
    https://scikit-learn.org/stable/modules/linear_model.html#logistic-regression
  n_iter_i = _check_optimize_result(

2025-07-07 11:13:40,563:WARNING:c:\Users\Administrator\AppData\Local\Programs\Python\Python310\lib\site-packages\sklearn\linear_model\_logistic.py:469: ConvergenceWarning: lbfgs failed to converge (status=1):
STOP: TOTAL NO. of ITERATIONS REACHED LIMIT.

Increase the number of iterations (max_iter) or scale the data as shown in:
    https://scikit-learn.org/stable/modules/preprocessing.html
Please also refer to the documentation for alternative solver options:
    https://scikit-learn.org/stable/modules/linear_model.html#logistic-regression
  n_iter_i = _check_optimize_result(

2025-07-07 11:13:40,627:WARNING:c:\Users\Administrator\AppData\Local\Programs\Python\Python310\lib\site-packages\sklearn\linear_model\_logistic.py:469: ConvergenceWarning: lbfgs failed to converge (status=1):
STOP: TOTAL NO. of ITERATIONS REACHED LIMIT.

Increase the number of iterations (max_iter) or scale the data as shown in:
    https://scikit-learn.org/stable/modules/preprocessing.html
Please also refer to the documentation for alternative solver options:
    https://scikit-learn.org/stable/modules/linear_model.html#logistic-regression
  n_iter_i = _check_optimize_result(

2025-07-07 11:13:40,700:WARNING:c:\Users\Administrator\AppData\Local\Programs\Python\Python310\lib\site-packages\sklearn\linear_model\_logistic.py:469: ConvergenceWarning: lbfgs failed to converge (status=1):
STOP: TOTAL NO. of ITERATIONS REACHED LIMIT.

Increase the number of iterations (max_iter) or scale the data as shown in:
    https://scikit-learn.org/stable/modules/preprocessing.html
Please also refer to the documentation for alternative solver options:
    https://scikit-learn.org/stable/modules/linear_model.html#logistic-regression
  n_iter_i = _check_optimize_result(

2025-07-07 11:13:40,767:INFO:Calculating mean and std
2025-07-07 11:13:40,771:INFO:Creating metrics dataframe
2025-07-07 11:13:40,808:INFO:Uploading results into container
2025-07-07 11:13:40,808:INFO:Uploading model into container now
2025-07-07 11:13:40,808:INFO:_master_model_container: 1
2025-07-07 11:13:40,808:INFO:_display_container: 2
2025-07-07 11:13:40,808:INFO:LogisticRegression(C=1.0, class_weight=None, dual=False, fit_intercept=True,
                   intercept_scaling=1, l1_ratio=None, max_iter=1000,
                   multi_class='auto', n_jobs=None, penalty='l2',
                   random_state=123, solver='lbfgs', tol=0.0001, verbose=0,
                   warm_start=False)
2025-07-07 11:13:40,808:INFO:create_model() successfully completed......................................
2025-07-07 11:13:41,104:INFO:SubProcess create_model() end ==================================
2025-07-07 11:13:41,104:INFO:Creating metrics dataframe
2025-07-07 11:13:41,155:INFO:Initializing K Neighbors Classifier
2025-07-07 11:13:41,155:INFO:Total runtime is 0.4272660493850708 minutes
2025-07-07 11:13:41,169:INFO:SubProcess create_model() called ==================================
2025-07-07 11:13:41,169:INFO:Initializing create_model()
2025-07-07 11:13:41,169:INFO:create_model(self=<pycaret.classification.oop.ClassificationExperiment object at 0x000001396C5B0190>, estimator=knn, fold=StratifiedKFold(n_splits=10, random_state=None, shuffle=False), round=4, cross_validation=True, predict=True, fit_kwargs={}, groups=None, refit=False, probability_threshold=None, experiment_custom_tags=None, verbose=False, system=False, add_to_model_list=True, metrics=None, display=<pycaret.internal.display.display.CommonDisplay object at 0x00000139731C7460>, model_only=True, return_train_score=False, error_score=0.0, kwargs={})
2025-07-07 11:13:41,171:INFO:Checking exceptions
2025-07-07 11:13:41,171:INFO:Importing libraries
2025-07-07 11:13:41,171:INFO:Copying training dataset
2025-07-07 11:13:41,236:INFO:Defining folds
2025-07-07 11:13:41,236:INFO:Declaring metric variables
2025-07-07 11:13:41,246:INFO:Importing untrained model
2025-07-07 11:13:41,252:INFO:K Neighbors Classifier Imported successfully
2025-07-07 11:13:41,260:INFO:Starting cross validation
2025-07-07 11:13:41,260:INFO:Cross validating with StratifiedKFold(n_splits=10, random_state=None, shuffle=False), n_jobs=-1
2025-07-07 11:13:48,015:INFO:Calculating mean and std
2025-07-07 11:13:48,017:INFO:Creating metrics dataframe
2025-07-07 11:13:48,019:INFO:Uploading results into container
2025-07-07 11:13:48,019:INFO:Uploading model into container now
2025-07-07 11:13:48,021:INFO:_master_model_container: 2
2025-07-07 11:13:48,021:INFO:_display_container: 2
2025-07-07 11:13:48,021:INFO:KNeighborsClassifier(algorithm='auto', leaf_size=30, metric='minkowski',
                     metric_params=None, n_jobs=-1, n_neighbors=5, p=2,
                     weights='uniform')
2025-07-07 11:13:48,021:INFO:create_model() successfully completed......................................
2025-07-07 11:13:48,195:INFO:SubProcess create_model() end ==================================
2025-07-07 11:13:48,195:INFO:Creating metrics dataframe
2025-07-07 11:13:48,211:INFO:Initializing Naive Bayes
2025-07-07 11:13:48,211:INFO:Total runtime is 0.5448654651641845 minutes
2025-07-07 11:13:48,216:INFO:SubProcess create_model() called ==================================
2025-07-07 11:13:48,216:INFO:Initializing create_model()
2025-07-07 11:13:48,216:INFO:create_model(self=<pycaret.classification.oop.ClassificationExperiment object at 0x000001396C5B0190>, estimator=nb, fold=StratifiedKFold(n_splits=10, random_state=None, shuffle=False), round=4, cross_validation=True, predict=True, fit_kwargs={}, groups=None, refit=False, probability_threshold=None, experiment_custom_tags=None, verbose=False, system=False, add_to_model_list=True, metrics=None, display=<pycaret.internal.display.display.CommonDisplay object at 0x00000139731C7460>, model_only=True, return_train_score=False, error_score=0.0, kwargs={})
2025-07-07 11:13:48,219:INFO:Checking exceptions
2025-07-07 11:13:48,219:INFO:Importing libraries
2025-07-07 11:13:48,219:INFO:Copying training dataset
2025-07-07 11:13:48,286:INFO:Defining folds
2025-07-07 11:13:48,286:INFO:Declaring metric variables
2025-07-07 11:13:48,295:INFO:Importing untrained model
2025-07-07 11:13:48,302:INFO:Naive Bayes Imported successfully
2025-07-07 11:13:48,319:INFO:Starting cross validation
2025-07-07 11:13:48,328:INFO:Cross validating with StratifiedKFold(n_splits=10, random_state=None, shuffle=False), n_jobs=-1
2025-07-07 11:13:48,880:INFO:Calculating mean and std
2025-07-07 11:13:48,880:INFO:Creating metrics dataframe
2025-07-07 11:13:48,884:INFO:Uploading results into container
2025-07-07 11:13:48,884:INFO:Uploading model into container now
2025-07-07 11:13:48,884:INFO:_master_model_container: 3
2025-07-07 11:13:48,884:INFO:_display_container: 2
2025-07-07 11:13:48,884:INFO:GaussianNB(priors=None, var_smoothing=1e-09)
2025-07-07 11:13:48,884:INFO:create_model() successfully completed......................................
2025-07-07 11:13:49,001:INFO:SubProcess create_model() end ==================================
2025-07-07 11:13:49,001:INFO:Creating metrics dataframe
2025-07-07 11:13:49,013:INFO:Initializing Decision Tree Classifier
2025-07-07 11:13:49,013:INFO:Total runtime is 0.5582309285799663 minutes
2025-07-07 11:13:49,022:INFO:SubProcess create_model() called ==================================
2025-07-07 11:13:49,022:INFO:Initializing create_model()
2025-07-07 11:13:49,022:INFO:create_model(self=<pycaret.classification.oop.ClassificationExperiment object at 0x000001396C5B0190>, estimator=dt, fold=StratifiedKFold(n_splits=10, random_state=None, shuffle=False), round=4, cross_validation=True, predict=True, fit_kwargs={}, groups=None, refit=False, probability_threshold=None, experiment_custom_tags=None, verbose=False, system=False, add_to_model_list=True, metrics=None, display=<pycaret.internal.display.display.CommonDisplay object at 0x00000139731C7460>, model_only=True, return_train_score=False, error_score=0.0, kwargs={})
2025-07-07 11:13:49,022:INFO:Checking exceptions
2025-07-07 11:13:49,022:INFO:Importing libraries
2025-07-07 11:13:49,022:INFO:Copying training dataset
2025-07-07 11:13:49,095:INFO:Defining folds
2025-07-07 11:13:49,095:INFO:Declaring metric variables
2025-07-07 11:13:49,097:INFO:Importing untrained model
2025-07-07 11:13:49,106:INFO:Decision Tree Classifier Imported successfully
2025-07-07 11:13:49,121:INFO:Starting cross validation
2025-07-07 11:13:49,121:INFO:Cross validating with StratifiedKFold(n_splits=10, random_state=None, shuffle=False), n_jobs=-1
2025-07-07 11:13:49,946:INFO:Calculating mean and std
2025-07-07 11:13:49,946:INFO:Creating metrics dataframe
2025-07-07 11:13:49,946:INFO:Uploading results into container
2025-07-07 11:13:49,946:INFO:Uploading model into container now
2025-07-07 11:13:49,946:INFO:_master_model_container: 4
2025-07-07 11:13:49,946:INFO:_display_container: 2
2025-07-07 11:13:49,946:INFO:DecisionTreeClassifier(ccp_alpha=0.0, class_weight=None, criterion='gini',
                       max_depth=None, max_features=None, max_leaf_nodes=None,
                       min_impurity_decrease=0.0, min_samples_leaf=1,
                       min_samples_split=2, min_weight_fraction_leaf=0.0,
                       monotonic_cst=None, random_state=123, splitter='best')
2025-07-07 11:13:49,946:INFO:create_model() successfully completed......................................
2025-07-07 11:13:50,057:INFO:SubProcess create_model() end ==================================
2025-07-07 11:13:50,057:INFO:Creating metrics dataframe
2025-07-07 11:13:50,069:INFO:Initializing SVM - Linear Kernel
2025-07-07 11:13:50,069:INFO:Total runtime is 0.5758327802022298 minutes
2025-07-07 11:13:50,081:INFO:SubProcess create_model() called ==================================
2025-07-07 11:13:50,083:INFO:Initializing create_model()
2025-07-07 11:13:50,083:INFO:create_model(self=<pycaret.classification.oop.ClassificationExperiment object at 0x000001396C5B0190>, estimator=svm, fold=StratifiedKFold(n_splits=10, random_state=None, shuffle=False), round=4, cross_validation=True, predict=True, fit_kwargs={}, groups=None, refit=False, probability_threshold=None, experiment_custom_tags=None, verbose=False, system=False, add_to_model_list=True, metrics=None, display=<pycaret.internal.display.display.CommonDisplay object at 0x00000139731C7460>, model_only=True, return_train_score=False, error_score=0.0, kwargs={})
2025-07-07 11:13:50,083:INFO:Checking exceptions
2025-07-07 11:13:50,083:INFO:Importing libraries
2025-07-07 11:13:50,083:INFO:Copying training dataset
2025-07-07 11:13:50,159:INFO:Defining folds
2025-07-07 11:13:50,159:INFO:Declaring metric variables
2025-07-07 11:13:50,165:INFO:Importing untrained model
2025-07-07 11:13:50,177:INFO:SVM - Linear Kernel Imported successfully
2025-07-07 11:13:50,187:INFO:Starting cross validation
2025-07-07 11:13:50,192:INFO:Cross validating with StratifiedKFold(n_splits=10, random_state=None, shuffle=False), n_jobs=-1
2025-07-07 11:13:51,245:INFO:Calculating mean and std
2025-07-07 11:13:51,248:INFO:Creating metrics dataframe
2025-07-07 11:13:51,255:INFO:Uploading results into container
2025-07-07 11:13:51,255:INFO:Uploading model into container now
2025-07-07 11:13:51,255:INFO:_master_model_container: 5
2025-07-07 11:13:51,255:INFO:_display_container: 2
2025-07-07 11:13:51,255:INFO:SGDClassifier(alpha=0.0001, average=False, class_weight=None,
              early_stopping=False, epsilon=0.1, eta0=0.001, fit_intercept=True,
              l1_ratio=0.15, learning_rate='optimal', loss='hinge',
              max_iter=1000, n_iter_no_change=5, n_jobs=-1, penalty='l2',
              power_t=0.5, random_state=123, shuffle=True, tol=0.001,
              validation_fraction=0.1, verbose=0, warm_start=False)
2025-07-07 11:13:51,255:INFO:create_model() successfully completed......................................
2025-07-07 11:13:51,365:INFO:SubProcess create_model() end ==================================
2025-07-07 11:13:51,365:INFO:Creating metrics dataframe
2025-07-07 11:13:51,368:INFO:Initializing Ridge Classifier
2025-07-07 11:13:51,368:INFO:Total runtime is 0.5974790175755819 minutes
2025-07-07 11:13:51,377:INFO:SubProcess create_model() called ==================================
2025-07-07 11:13:51,377:INFO:Initializing create_model()
2025-07-07 11:13:51,377:INFO:create_model(self=<pycaret.classification.oop.ClassificationExperiment object at 0x000001396C5B0190>, estimator=ridge, fold=StratifiedKFold(n_splits=10, random_state=None, shuffle=False), round=4, cross_validation=True, predict=True, fit_kwargs={}, groups=None, refit=False, probability_threshold=None, experiment_custom_tags=None, verbose=False, system=False, add_to_model_list=True, metrics=None, display=<pycaret.internal.display.display.CommonDisplay object at 0x00000139731C7460>, model_only=True, return_train_score=False, error_score=0.0, kwargs={})
2025-07-07 11:13:51,377:INFO:Checking exceptions
2025-07-07 11:13:51,377:INFO:Importing libraries
2025-07-07 11:13:51,377:INFO:Copying training dataset
2025-07-07 11:13:51,443:INFO:Defining folds
2025-07-07 11:13:51,443:INFO:Declaring metric variables
2025-07-07 11:13:51,451:INFO:Importing untrained model
2025-07-07 11:13:51,459:INFO:Ridge Classifier Imported successfully
2025-07-07 11:13:51,476:INFO:Starting cross validation
2025-07-07 11:13:51,476:INFO:Cross validating with StratifiedKFold(n_splits=10, random_state=None, shuffle=False), n_jobs=-1
2025-07-07 11:13:51,937:INFO:Calculating mean and std
2025-07-07 11:13:51,938:INFO:Creating metrics dataframe
2025-07-07 11:13:51,938:INFO:Uploading results into container
2025-07-07 11:13:51,938:INFO:Uploading model into container now
2025-07-07 11:13:51,938:INFO:_master_model_container: 6
2025-07-07 11:13:51,938:INFO:_display_container: 2
2025-07-07 11:13:51,938:INFO:RidgeClassifier(alpha=1.0, class_weight=None, copy_X=True, fit_intercept=True,
                max_iter=None, positive=False, random_state=123, solver='auto',
                tol=0.0001)
2025-07-07 11:13:51,938:INFO:create_model() successfully completed......................................
2025-07-07 11:13:52,037:INFO:SubProcess create_model() end ==================================
2025-07-07 11:13:52,037:INFO:Creating metrics dataframe
2025-07-07 11:13:52,053:INFO:Initializing Random Forest Classifier
2025-07-07 11:13:52,053:INFO:Total runtime is 0.6088970144589742 minutes
2025-07-07 11:13:52,062:INFO:SubProcess create_model() called ==================================
2025-07-07 11:13:52,062:INFO:Initializing create_model()
2025-07-07 11:13:52,062:INFO:create_model(self=<pycaret.classification.oop.ClassificationExperiment object at 0x000001396C5B0190>, estimator=rf, fold=StratifiedKFold(n_splits=10, random_state=None, shuffle=False), round=4, cross_validation=True, predict=True, fit_kwargs={}, groups=None, refit=False, probability_threshold=None, experiment_custom_tags=None, verbose=False, system=False, add_to_model_list=True, metrics=None, display=<pycaret.internal.display.display.CommonDisplay object at 0x00000139731C7460>, model_only=True, return_train_score=False, error_score=0.0, kwargs={})
2025-07-07 11:13:52,062:INFO:Checking exceptions
2025-07-07 11:13:52,062:INFO:Importing libraries
2025-07-07 11:13:52,062:INFO:Copying training dataset
2025-07-07 11:13:52,128:INFO:Defining folds
2025-07-07 11:13:52,128:INFO:Declaring metric variables
2025-07-07 11:13:52,137:INFO:Importing untrained model
2025-07-07 11:13:52,145:INFO:Random Forest Classifier Imported successfully
2025-07-07 11:13:52,153:INFO:Starting cross validation
2025-07-07 11:13:52,153:INFO:Cross validating with StratifiedKFold(n_splits=10, random_state=None, shuffle=False), n_jobs=-1
2025-07-07 11:14:00,874:INFO:Calculating mean and std
2025-07-07 11:14:00,874:INFO:Creating metrics dataframe
2025-07-07 11:14:00,874:INFO:Uploading results into container
2025-07-07 11:14:00,874:INFO:Uploading model into container now
2025-07-07 11:14:00,874:INFO:_master_model_container: 7
2025-07-07 11:14:00,874:INFO:_display_container: 2
2025-07-07 11:14:00,882:INFO:RandomForestClassifier(bootstrap=True, ccp_alpha=0.0, class_weight=None,
                       criterion='gini', max_depth=None, max_features='sqrt',
                       max_leaf_nodes=None, max_samples=None,
                       min_impurity_decrease=0.0, min_samples_leaf=1,
                       min_samples_split=2, min_weight_fraction_leaf=0.0,
                       monotonic_cst=None, n_estimators=100, n_jobs=-1,
                       oob_score=False, random_state=123, verbose=0,
                       warm_start=False)
2025-07-07 11:14:00,882:INFO:create_model() successfully completed......................................
2025-07-07 11:14:00,996:INFO:SubProcess create_model() end ==================================
2025-07-07 11:14:00,996:INFO:Creating metrics dataframe
2025-07-07 11:14:01,012:INFO:Initializing Quadratic Discriminant Analysis
2025-07-07 11:14:01,012:INFO:Total runtime is 0.7582085649172464 minutes
2025-07-07 11:14:01,021:INFO:SubProcess create_model() called ==================================
2025-07-07 11:14:01,021:INFO:Initializing create_model()
2025-07-07 11:14:01,021:INFO:create_model(self=<pycaret.classification.oop.ClassificationExperiment object at 0x000001396C5B0190>, estimator=qda, fold=StratifiedKFold(n_splits=10, random_state=None, shuffle=False), round=4, cross_validation=True, predict=True, fit_kwargs={}, groups=None, refit=False, probability_threshold=None, experiment_custom_tags=None, verbose=False, system=False, add_to_model_list=True, metrics=None, display=<pycaret.internal.display.display.CommonDisplay object at 0x00000139731C7460>, model_only=True, return_train_score=False, error_score=0.0, kwargs={})
2025-07-07 11:14:01,021:INFO:Checking exceptions
2025-07-07 11:14:01,021:INFO:Importing libraries
2025-07-07 11:14:01,021:INFO:Copying training dataset
2025-07-07 11:14:01,102:INFO:Defining folds
2025-07-07 11:14:01,102:INFO:Declaring metric variables
2025-07-07 11:14:01,111:INFO:Importing untrained model
2025-07-07 11:14:01,119:INFO:Quadratic Discriminant Analysis Imported successfully
2025-07-07 11:14:01,136:INFO:Starting cross validation
2025-07-07 11:14:01,139:INFO:Cross validating with StratifiedKFold(n_splits=10, random_state=None, shuffle=False), n_jobs=-1
2025-07-07 11:14:02,053:WARNING:c:\Users\Administrator\AppData\Local\Programs\Python\Python310\lib\site-packages\sklearn\discriminant_analysis.py:935: UserWarning: Variables are collinear
  warnings.warn("Variables are collinear")

2025-07-07 11:14:02,342:INFO:Calculating mean and std
2025-07-07 11:14:02,342:INFO:Creating metrics dataframe
2025-07-07 11:14:02,342:INFO:Uploading results into container
2025-07-07 11:14:02,342:INFO:Uploading model into container now
2025-07-07 11:14:02,342:INFO:_master_model_container: 8
2025-07-07 11:14:02,342:INFO:_display_container: 2
2025-07-07 11:14:02,342:INFO:QuadraticDiscriminantAnalysis(priors=None, reg_param=0.0,
                              store_covariance=False, tol=0.0001)
2025-07-07 11:14:02,342:INFO:create_model() successfully completed......................................
2025-07-07 11:14:02,470:INFO:SubProcess create_model() end ==================================
2025-07-07 11:14:02,470:INFO:Creating metrics dataframe
2025-07-07 11:14:02,483:INFO:Initializing Ada Boost Classifier
2025-07-07 11:14:02,483:INFO:Total runtime is 0.7827241301536559 minutes
2025-07-07 11:14:02,492:INFO:SubProcess create_model() called ==================================
2025-07-07 11:14:02,492:INFO:Initializing create_model()
2025-07-07 11:14:02,492:INFO:create_model(self=<pycaret.classification.oop.ClassificationExperiment object at 0x000001396C5B0190>, estimator=ada, fold=StratifiedKFold(n_splits=10, random_state=None, shuffle=False), round=4, cross_validation=True, predict=True, fit_kwargs={}, groups=None, refit=False, probability_threshold=None, experiment_custom_tags=None, verbose=False, system=False, add_to_model_list=True, metrics=None, display=<pycaret.internal.display.display.CommonDisplay object at 0x00000139731C7460>, model_only=True, return_train_score=False, error_score=0.0, kwargs={})
2025-07-07 11:14:02,492:INFO:Checking exceptions
2025-07-07 11:14:02,492:INFO:Importing libraries
2025-07-07 11:14:02,492:INFO:Copying training dataset
2025-07-07 11:14:02,558:INFO:Defining folds
2025-07-07 11:14:02,566:INFO:Declaring metric variables
2025-07-07 11:14:02,566:INFO:Importing untrained model
2025-07-07 11:14:02,574:INFO:Ada Boost Classifier Imported successfully
2025-07-07 11:14:02,583:INFO:Starting cross validation
2025-07-07 11:14:02,583:INFO:Cross validating with StratifiedKFold(n_splits=10, random_state=None, shuffle=False), n_jobs=-1
2025-07-07 11:14:02,749:WARNING:c:\Users\Administrator\AppData\Local\Programs\Python\Python310\lib\site-packages\sklearn\ensemble\_weight_boosting.py:519: FutureWarning: The SAMME.R algorithm (the default) is deprecated and will be removed in 1.6. Use the SAMME algorithm to circumvent this warning.
  warnings.warn(

2025-07-07 11:14:02,749:WARNING:c:\Users\Administrator\AppData\Local\Programs\Python\Python310\lib\site-packages\sklearn\ensemble\_weight_boosting.py:519: FutureWarning: The SAMME.R algorithm (the default) is deprecated and will be removed in 1.6. Use the SAMME algorithm to circumvent this warning.
  warnings.warn(

2025-07-07 11:14:02,749:WARNING:c:\Users\Administrator\AppData\Local\Programs\Python\Python310\lib\site-packages\sklearn\ensemble\_weight_boosting.py:519: FutureWarning: The SAMME.R algorithm (the default) is deprecated and will be removed in 1.6. Use the SAMME algorithm to circumvent this warning.
  warnings.warn(

2025-07-07 11:14:02,774:WARNING:c:\Users\Administrator\AppData\Local\Programs\Python\Python310\lib\site-packages\sklearn\ensemble\_weight_boosting.py:519: FutureWarning: The SAMME.R algorithm (the default) is deprecated and will be removed in 1.6. Use the SAMME algorithm to circumvent this warning.
  warnings.warn(

2025-07-07 11:14:02,795:WARNING:c:\Users\Administrator\AppData\Local\Programs\Python\Python310\lib\site-packages\sklearn\ensemble\_weight_boosting.py:519: FutureWarning: The SAMME.R algorithm (the default) is deprecated and will be removed in 1.6. Use the SAMME algorithm to circumvent this warning.
  warnings.warn(

2025-07-07 11:14:02,836:WARNING:c:\Users\Administrator\AppData\Local\Programs\Python\Python310\lib\site-packages\sklearn\ensemble\_weight_boosting.py:519: FutureWarning: The SAMME.R algorithm (the default) is deprecated and will be removed in 1.6. Use the SAMME algorithm to circumvent this warning.
  warnings.warn(

2025-07-07 11:14:02,848:WARNING:c:\Users\Administrator\AppData\Local\Programs\Python\Python310\lib\site-packages\sklearn\ensemble\_weight_boosting.py:519: FutureWarning: The SAMME.R algorithm (the default) is deprecated and will be removed in 1.6. Use the SAMME algorithm to circumvent this warning.
  warnings.warn(

2025-07-07 11:14:02,876:WARNING:c:\Users\Administrator\AppData\Local\Programs\Python\Python310\lib\site-packages\sklearn\ensemble\_weight_boosting.py:519: FutureWarning: The SAMME.R algorithm (the default) is deprecated and will be removed in 1.6. Use the SAMME algorithm to circumvent this warning.
  warnings.warn(

2025-07-07 11:14:02,908:WARNING:c:\Users\Administrator\AppData\Local\Programs\Python\Python310\lib\site-packages\sklearn\ensemble\_weight_boosting.py:519: FutureWarning: The SAMME.R algorithm (the default) is deprecated and will be removed in 1.6. Use the SAMME algorithm to circumvent this warning.
  warnings.warn(

2025-07-07 11:14:02,926:WARNING:c:\Users\Administrator\AppData\Local\Programs\Python\Python310\lib\site-packages\sklearn\ensemble\_weight_boosting.py:519: FutureWarning: The SAMME.R algorithm (the default) is deprecated and will be removed in 1.6. Use the SAMME algorithm to circumvent this warning.
  warnings.warn(

2025-07-07 11:14:06,239:INFO:Calculating mean and std
2025-07-07 11:14:06,239:INFO:Creating metrics dataframe
2025-07-07 11:14:06,239:INFO:Uploading results into container
2025-07-07 11:14:06,239:INFO:Uploading model into container now
2025-07-07 11:14:06,239:INFO:_master_model_container: 9
2025-07-07 11:14:06,239:INFO:_display_container: 2
2025-07-07 11:14:06,239:INFO:AdaBoostClassifier(algorithm='SAMME.R', estimator=None, learning_rate=1.0,
                   n_estimators=50, random_state=123)
2025-07-07 11:14:06,239:INFO:create_model() successfully completed......................................
2025-07-07 11:14:06,356:INFO:SubProcess create_model() end ==================================
2025-07-07 11:14:06,356:INFO:Creating metrics dataframe
2025-07-07 11:14:06,371:INFO:Initializing Gradient Boosting Classifier
2025-07-07 11:14:06,371:INFO:Total runtime is 0.8475340406099955 minutes
2025-07-07 11:14:06,371:INFO:SubProcess create_model() called ==================================
2025-07-07 11:14:06,379:INFO:Initializing create_model()
2025-07-07 11:14:06,380:INFO:create_model(self=<pycaret.classification.oop.ClassificationExperiment object at 0x000001396C5B0190>, estimator=gbc, fold=StratifiedKFold(n_splits=10, random_state=None, shuffle=False), round=4, cross_validation=True, predict=True, fit_kwargs={}, groups=None, refit=False, probability_threshold=None, experiment_custom_tags=None, verbose=False, system=False, add_to_model_list=True, metrics=None, display=<pycaret.internal.display.display.CommonDisplay object at 0x00000139731C7460>, model_only=True, return_train_score=False, error_score=0.0, kwargs={})
2025-07-07 11:14:06,380:INFO:Checking exceptions
2025-07-07 11:14:06,380:INFO:Importing libraries
2025-07-07 11:14:06,380:INFO:Copying training dataset
2025-07-07 11:14:06,445:INFO:Defining folds
2025-07-07 11:14:06,445:INFO:Declaring metric variables
2025-07-07 11:14:06,462:INFO:Importing untrained model
2025-07-07 11:14:06,470:INFO:Gradient Boosting Classifier Imported successfully
2025-07-07 11:14:06,486:INFO:Starting cross validation
2025-07-07 11:14:06,488:INFO:Cross validating with StratifiedKFold(n_splits=10, random_state=None, shuffle=False), n_jobs=-1
2025-07-07 11:14:16,856:INFO:Calculating mean and std
2025-07-07 11:14:16,856:INFO:Creating metrics dataframe
2025-07-07 11:14:16,856:INFO:Uploading results into container
2025-07-07 11:14:16,856:INFO:Uploading model into container now
2025-07-07 11:14:16,856:INFO:_master_model_container: 10
2025-07-07 11:14:16,856:INFO:_display_container: 2
2025-07-07 11:14:16,856:INFO:GradientBoostingClassifier(ccp_alpha=0.0, criterion='friedman_mse', init=None,
                           learning_rate=0.1, loss='log_loss', max_depth=3,
                           max_features=None, max_leaf_nodes=None,
                           min_impurity_decrease=0.0, min_samples_leaf=1,
                           min_samples_split=2, min_weight_fraction_leaf=0.0,
                           n_estimators=100, n_iter_no_change=None,
                           random_state=123, subsample=1.0, tol=0.0001,
                           validation_fraction=0.1, verbose=0,
                           warm_start=False)
2025-07-07 11:14:16,856:INFO:create_model() successfully completed......................................
2025-07-07 11:14:16,978:INFO:SubProcess create_model() end ==================================
2025-07-07 11:14:16,978:INFO:Creating metrics dataframe
2025-07-07 11:14:16,995:INFO:Initializing Linear Discriminant Analysis
2025-07-07 11:14:16,995:INFO:Total runtime is 1.0246023615201314 minutes
2025-07-07 11:14:17,000:INFO:SubProcess create_model() called ==================================
2025-07-07 11:14:17,003:INFO:Initializing create_model()
2025-07-07 11:14:17,003:INFO:create_model(self=<pycaret.classification.oop.ClassificationExperiment object at 0x000001396C5B0190>, estimator=lda, fold=StratifiedKFold(n_splits=10, random_state=None, shuffle=False), round=4, cross_validation=True, predict=True, fit_kwargs={}, groups=None, refit=False, probability_threshold=None, experiment_custom_tags=None, verbose=False, system=False, add_to_model_list=True, metrics=None, display=<pycaret.internal.display.display.CommonDisplay object at 0x00000139731C7460>, model_only=True, return_train_score=False, error_score=0.0, kwargs={})
2025-07-07 11:14:17,003:INFO:Checking exceptions
2025-07-07 11:14:17,003:INFO:Importing libraries
2025-07-07 11:14:17,003:INFO:Copying training dataset
2025-07-07 11:14:17,064:INFO:Defining folds
2025-07-07 11:14:17,071:INFO:Declaring metric variables
2025-07-07 11:14:17,071:INFO:Importing untrained model
2025-07-07 11:14:17,083:INFO:Linear Discriminant Analysis Imported successfully
2025-07-07 11:14:17,086:INFO:Starting cross validation
2025-07-07 11:14:17,086:INFO:Cross validating with StratifiedKFold(n_splits=10, random_state=None, shuffle=False), n_jobs=-1
2025-07-07 11:14:18,346:INFO:Calculating mean and std
2025-07-07 11:14:18,346:INFO:Creating metrics dataframe
2025-07-07 11:14:18,346:INFO:Uploading results into container
2025-07-07 11:14:18,346:INFO:Uploading model into container now
2025-07-07 11:14:18,346:INFO:_master_model_container: 11
2025-07-07 11:14:18,346:INFO:_display_container: 2
2025-07-07 11:14:18,346:INFO:LinearDiscriminantAnalysis(covariance_estimator=None, n_components=None,
                           priors=None, shrinkage=None, solver='svd',
                           store_covariance=False, tol=0.0001)
2025-07-07 11:14:18,346:INFO:create_model() successfully completed......................................
2025-07-07 11:14:18,453:INFO:SubProcess create_model() end ==================================
2025-07-07 11:14:18,453:INFO:Creating metrics dataframe
2025-07-07 11:14:18,462:INFO:Initializing Extra Trees Classifier
2025-07-07 11:14:18,462:INFO:Total runtime is 1.049037480354309 minutes
2025-07-07 11:14:18,469:INFO:SubProcess create_model() called ==================================
2025-07-07 11:14:18,469:INFO:Initializing create_model()
2025-07-07 11:14:18,469:INFO:create_model(self=<pycaret.classification.oop.ClassificationExperiment object at 0x000001396C5B0190>, estimator=et, fold=StratifiedKFold(n_splits=10, random_state=None, shuffle=False), round=4, cross_validation=True, predict=True, fit_kwargs={}, groups=None, refit=False, probability_threshold=None, experiment_custom_tags=None, verbose=False, system=False, add_to_model_list=True, metrics=None, display=<pycaret.internal.display.display.CommonDisplay object at 0x00000139731C7460>, model_only=True, return_train_score=False, error_score=0.0, kwargs={})
2025-07-07 11:14:18,469:INFO:Checking exceptions
2025-07-07 11:14:18,469:INFO:Importing libraries
2025-07-07 11:14:18,469:INFO:Copying training dataset
2025-07-07 11:14:18,535:INFO:Defining folds
2025-07-07 11:14:18,535:INFO:Declaring metric variables
2025-07-07 11:14:18,543:INFO:Importing untrained model
2025-07-07 11:14:18,551:INFO:Extra Trees Classifier Imported successfully
2025-07-07 11:14:18,567:INFO:Starting cross validation
2025-07-07 11:14:18,567:INFO:Cross validating with StratifiedKFold(n_splits=10, random_state=None, shuffle=False), n_jobs=-1
2025-07-07 11:14:28,098:INFO:Calculating mean and std
2025-07-07 11:14:28,098:INFO:Creating metrics dataframe
2025-07-07 11:14:28,098:INFO:Uploading results into container
2025-07-07 11:14:28,098:INFO:Uploading model into container now
2025-07-07 11:14:28,105:INFO:_master_model_container: 12
2025-07-07 11:14:28,105:INFO:_display_container: 2
2025-07-07 11:14:28,105:INFO:ExtraTreesClassifier(bootstrap=False, ccp_alpha=0.0, class_weight=None,
                     criterion='gini', max_depth=None, max_features='sqrt',
                     max_leaf_nodes=None, max_samples=None,
                     min_impurity_decrease=0.0, min_samples_leaf=1,
                     min_samples_split=2, min_weight_fraction_leaf=0.0,
                     monotonic_cst=None, n_estimators=100, n_jobs=-1,
                     oob_score=False, random_state=123, verbose=0,
                     warm_start=False)
2025-07-07 11:14:28,105:INFO:create_model() successfully completed......................................
2025-07-07 11:14:28,245:INFO:SubProcess create_model() end ==================================
2025-07-07 11:14:28,245:INFO:Creating metrics dataframe
2025-07-07 11:14:28,254:INFO:Initializing Light Gradient Boosting Machine
2025-07-07 11:14:28,254:INFO:Total runtime is 1.212243906656901 minutes
2025-07-07 11:14:28,262:INFO:SubProcess create_model() called ==================================
2025-07-07 11:14:28,262:INFO:Initializing create_model()
2025-07-07 11:14:28,262:INFO:create_model(self=<pycaret.classification.oop.ClassificationExperiment object at 0x000001396C5B0190>, estimator=lightgbm, fold=StratifiedKFold(n_splits=10, random_state=None, shuffle=False), round=4, cross_validation=True, predict=True, fit_kwargs={}, groups=None, refit=False, probability_threshold=None, experiment_custom_tags=None, verbose=False, system=False, add_to_model_list=True, metrics=None, display=<pycaret.internal.display.display.CommonDisplay object at 0x00000139731C7460>, model_only=True, return_train_score=False, error_score=0.0, kwargs={})
2025-07-07 11:14:28,262:INFO:Checking exceptions
2025-07-07 11:14:28,262:INFO:Importing libraries
2025-07-07 11:14:28,262:INFO:Copying training dataset
2025-07-07 11:14:28,311:INFO:Defining folds
2025-07-07 11:14:28,311:INFO:Declaring metric variables
2025-07-07 11:14:28,316:INFO:Importing untrained model
2025-07-07 11:14:28,319:INFO:Light Gradient Boosting Machine Imported successfully
2025-07-07 11:14:28,332:INFO:Starting cross validation
2025-07-07 11:14:28,335:INFO:Cross validating with StratifiedKFold(n_splits=10, random_state=None, shuffle=False), n_jobs=-1
2025-07-07 11:14:31,304:INFO:Calculating mean and std
2025-07-07 11:14:31,306:INFO:Creating metrics dataframe
2025-07-07 11:14:31,308:INFO:Uploading results into container
2025-07-07 11:14:31,310:INFO:Uploading model into container now
2025-07-07 11:14:31,310:INFO:_master_model_container: 13
2025-07-07 11:14:31,310:INFO:_display_container: 2
2025-07-07 11:14:31,312:INFO:LGBMClassifier(boosting_type='gbdt', class_weight=None, colsample_bytree=1.0,
               importance_type='split', learning_rate=0.1, max_depth=-1,
               min_child_samples=20, min_child_weight=0.001, min_split_gain=0.0,
               n_estimators=100, n_jobs=-1, num_leaves=31, objective=None,
               random_state=123, reg_alpha=0.0, reg_lambda=0.0, subsample=1.0,
               subsample_for_bin=200000, subsample_freq=0)
2025-07-07 11:14:31,312:INFO:create_model() successfully completed......................................
2025-07-07 11:14:31,426:INFO:SubProcess create_model() end ==================================
2025-07-07 11:14:31,426:INFO:Creating metrics dataframe
2025-07-07 11:14:31,443:INFO:Initializing Dummy Classifier
2025-07-07 11:14:31,443:INFO:Total runtime is 1.265395983060201 minutes
2025-07-07 11:14:31,451:INFO:SubProcess create_model() called ==================================
2025-07-07 11:14:31,451:INFO:Initializing create_model()
2025-07-07 11:14:31,451:INFO:create_model(self=<pycaret.classification.oop.ClassificationExperiment object at 0x000001396C5B0190>, estimator=dummy, fold=StratifiedKFold(n_splits=10, random_state=None, shuffle=False), round=4, cross_validation=True, predict=True, fit_kwargs={}, groups=None, refit=False, probability_threshold=None, experiment_custom_tags=None, verbose=False, system=False, add_to_model_list=True, metrics=None, display=<pycaret.internal.display.display.CommonDisplay object at 0x00000139731C7460>, model_only=True, return_train_score=False, error_score=0.0, kwargs={})
2025-07-07 11:14:31,451:INFO:Checking exceptions
2025-07-07 11:14:31,451:INFO:Importing libraries
2025-07-07 11:14:31,451:INFO:Copying training dataset
2025-07-07 11:14:31,501:INFO:Defining folds
2025-07-07 11:14:31,501:INFO:Declaring metric variables
2025-07-07 11:14:31,509:INFO:Importing untrained model
2025-07-07 11:14:31,513:INFO:Dummy Classifier Imported successfully
2025-07-07 11:14:31,517:INFO:Starting cross validation
2025-07-07 11:14:31,526:INFO:Cross validating with StratifiedKFold(n_splits=10, random_state=None, shuffle=False), n_jobs=-1
2025-07-07 11:14:31,715:WARNING:c:\Users\Administrator\AppData\Local\Programs\Python\Python310\lib\site-packages\sklearn\metrics\_classification.py:1509: UndefinedMetricWarning: Precision is ill-defined and being set to 0.0 due to no predicted samples. Use `zero_division` parameter to control this behavior.
  _warn_prf(average, modifier, f"{metric.capitalize()} is", len(result))

2025-07-07 11:14:31,715:WARNING:c:\Users\Administrator\AppData\Local\Programs\Python\Python310\lib\site-packages\sklearn\metrics\_classification.py:1509: UndefinedMetricWarning: Precision is ill-defined and being set to 0.0 due to no predicted samples. Use `zero_division` parameter to control this behavior.
  _warn_prf(average, modifier, f"{metric.capitalize()} is", len(result))

2025-07-07 11:14:31,724:WARNING:c:\Users\Administrator\AppData\Local\Programs\Python\Python310\lib\site-packages\sklearn\metrics\_classification.py:1509: UndefinedMetricWarning: Precision is ill-defined and being set to 0.0 due to no predicted samples. Use `zero_division` parameter to control this behavior.
  _warn_prf(average, modifier, f"{metric.capitalize()} is", len(result))

2025-07-07 11:14:31,754:WARNING:c:\Users\Administrator\AppData\Local\Programs\Python\Python310\lib\site-packages\sklearn\metrics\_classification.py:1509: UndefinedMetricWarning: Precision is ill-defined and being set to 0.0 due to no predicted samples. Use `zero_division` parameter to control this behavior.
  _warn_prf(average, modifier, f"{metric.capitalize()} is", len(result))

2025-07-07 11:14:31,777:WARNING:c:\Users\Administrator\AppData\Local\Programs\Python\Python310\lib\site-packages\sklearn\metrics\_classification.py:1509: UndefinedMetricWarning: Precision is ill-defined and being set to 0.0 due to no predicted samples. Use `zero_division` parameter to control this behavior.
  _warn_prf(average, modifier, f"{metric.capitalize()} is", len(result))

2025-07-07 11:14:31,786:WARNING:c:\Users\Administrator\AppData\Local\Programs\Python\Python310\lib\site-packages\sklearn\metrics\_classification.py:1509: UndefinedMetricWarning: Precision is ill-defined and being set to 0.0 due to no predicted samples. Use `zero_division` parameter to control this behavior.
  _warn_prf(average, modifier, f"{metric.capitalize()} is", len(result))

2025-07-07 11:14:31,811:WARNING:c:\Users\Administrator\AppData\Local\Programs\Python\Python310\lib\site-packages\sklearn\metrics\_classification.py:1509: UndefinedMetricWarning: Precision is ill-defined and being set to 0.0 due to no predicted samples. Use `zero_division` parameter to control this behavior.
  _warn_prf(average, modifier, f"{metric.capitalize()} is", len(result))

2025-07-07 11:14:31,822:WARNING:c:\Users\Administrator\AppData\Local\Programs\Python\Python310\lib\site-packages\sklearn\metrics\_classification.py:1509: UndefinedMetricWarning: Precision is ill-defined and being set to 0.0 due to no predicted samples. Use `zero_division` parameter to control this behavior.
  _warn_prf(average, modifier, f"{metric.capitalize()} is", len(result))

2025-07-07 11:14:31,829:WARNING:c:\Users\Administrator\AppData\Local\Programs\Python\Python310\lib\site-packages\sklearn\metrics\_classification.py:1509: UndefinedMetricWarning: Precision is ill-defined and being set to 0.0 due to no predicted samples. Use `zero_division` parameter to control this behavior.
  _warn_prf(average, modifier, f"{metric.capitalize()} is", len(result))

2025-07-07 11:14:31,838:WARNING:c:\Users\Administrator\AppData\Local\Programs\Python\Python310\lib\site-packages\sklearn\metrics\_classification.py:1509: UndefinedMetricWarning: Precision is ill-defined and being set to 0.0 due to no predicted samples. Use `zero_division` parameter to control this behavior.
  _warn_prf(average, modifier, f"{metric.capitalize()} is", len(result))

2025-07-07 11:14:31,863:INFO:Calculating mean and std
2025-07-07 11:14:31,863:INFO:Creating metrics dataframe
2025-07-07 11:14:31,863:INFO:Uploading results into container
2025-07-07 11:14:31,863:INFO:Uploading model into container now
2025-07-07 11:14:31,863:INFO:_master_model_container: 14
2025-07-07 11:14:31,863:INFO:_display_container: 2
2025-07-07 11:14:31,863:INFO:DummyClassifier(constant=None, random_state=123, strategy='prior')
2025-07-07 11:14:31,863:INFO:create_model() successfully completed......................................
2025-07-07 11:14:31,971:INFO:SubProcess create_model() end ==================================
2025-07-07 11:14:31,971:INFO:Creating metrics dataframe
2025-07-07 11:14:32,033:WARNING:c:\Users\Administrator\AppData\Local\Programs\Python\Python310\lib\site-packages\pycaret\internal\pycaret_experiment\supervised_experiment.py:323: FutureWarning: Styler.applymap has been deprecated. Use Styler.map instead.
  master_display_.apply(

2025-07-07 11:14:32,055:INFO:Initializing create_model()
2025-07-07 11:14:32,055:INFO:create_model(self=<pycaret.classification.oop.ClassificationExperiment object at 0x000001396C5B0190>, estimator=LGBMClassifier(boosting_type='gbdt', class_weight=None, colsample_bytree=1.0,
               importance_type='split', learning_rate=0.1, max_depth=-1,
               min_child_samples=20, min_child_weight=0.001, min_split_gain=0.0,
               n_estimators=100, n_jobs=-1, num_leaves=31, objective=None,
               random_state=123, reg_alpha=0.0, reg_lambda=0.0, subsample=1.0,
               subsample_for_bin=200000, subsample_freq=0), fold=StratifiedKFold(n_splits=10, random_state=None, shuffle=False), round=4, cross_validation=False, predict=False, fit_kwargs={}, groups=None, refit=True, probability_threshold=None, experiment_custom_tags=None, verbose=False, system=False, add_to_model_list=True, metrics=None, display=None, model_only=True, return_train_score=False, error_score=0.0, kwargs={})
2025-07-07 11:14:32,055:INFO:Checking exceptions
2025-07-07 11:14:32,055:INFO:Importing libraries
2025-07-07 11:14:32,055:INFO:Copying training dataset
2025-07-07 11:14:32,126:INFO:Defining folds
2025-07-07 11:14:32,126:INFO:Declaring metric variables
2025-07-07 11:14:32,126:INFO:Importing untrained model
2025-07-07 11:14:32,126:INFO:Declaring custom model
2025-07-07 11:14:32,126:INFO:Light Gradient Boosting Machine Imported successfully
2025-07-07 11:14:32,126:INFO:Cross validation set to False
2025-07-07 11:14:32,126:INFO:Fitting Model
2025-07-07 11:14:32,244:INFO:[LightGBM] [Info] Number of positive: 3702, number of negative: 27945
2025-07-07 11:14:32,254:INFO:[LightGBM] [Info] Auto-choosing row-wise multi-threading, the overhead of testing was 0.003593 seconds.
2025-07-07 11:14:32,254:INFO:You can set `force_row_wise=true` to remove the overhead.
2025-07-07 11:14:32,254:INFO:And if memory is not enough, you can set `force_col_wise=true`.
2025-07-07 11:14:32,256:INFO:[LightGBM] [Info] Total Bins 1016
2025-07-07 11:14:32,256:INFO:[LightGBM] [Info] Number of data points in the train set: 31647, number of used features: 43
2025-07-07 11:14:32,258:INFO:[LightGBM] [Info] [binary:BoostFromScore]: pavg=0.116978 -> initscore=-2.021365
2025-07-07 11:14:32,258:INFO:[LightGBM] [Info] Start training from score -2.021365
2025-07-07 11:14:32,532:INFO:LGBMClassifier(boosting_type='gbdt', class_weight=None, colsample_bytree=1.0,
               importance_type='split', learning_rate=0.1, max_depth=-1,
               min_child_samples=20, min_child_weight=0.001, min_split_gain=0.0,
               n_estimators=100, n_jobs=-1, num_leaves=31, objective=None,
               random_state=123, reg_alpha=0.0, reg_lambda=0.0, subsample=1.0,
               subsample_for_bin=200000, subsample_freq=0)
2025-07-07 11:14:32,532:INFO:create_model() successfully completed......................................
2025-07-07 11:14:32,659:INFO:_master_model_container: 14
2025-07-07 11:14:32,659:INFO:_display_container: 2
2025-07-07 11:14:32,667:INFO:LGBMClassifier(boosting_type='gbdt', class_weight=None, colsample_bytree=1.0,
               importance_type='split', learning_rate=0.1, max_depth=-1,
               min_child_samples=20, min_child_weight=0.001, min_split_gain=0.0,
               n_estimators=100, n_jobs=-1, num_leaves=31, objective=None,
               random_state=123, reg_alpha=0.0, reg_lambda=0.0, subsample=1.0,
               subsample_for_bin=200000, subsample_freq=0)
2025-07-07 11:14:32,667:INFO:compare_models() successfully completed......................................
2025-07-07 11:14:32,675:INFO:Initializing save_model()
2025-07-07 11:14:32,675:INFO:save_model(model=LGBMClassifier(boosting_type='gbdt', class_weight=None, colsample_bytree=1.0,
               importance_type='split', learning_rate=0.1, max_depth=-1,
               min_child_samples=20, min_child_weight=0.001, min_split_gain=0.0,
               n_estimators=100, n_jobs=-1, num_leaves=31, objective=None,
               random_state=123, reg_alpha=0.0, reg_lambda=0.0, subsample=1.0,
               subsample_for_bin=200000, subsample_freq=0), model_name=best_pycaret_model, prep_pipe_=Pipeline(memory=FastMemory(location=C:\Users\ADMINI~1\AppData\Local\Temp\joblib),
         steps=[('numerical_imputer',
                 TransformerWrapper(exclude=None,
                                    include=['age', 'balance', 'day',
                                             'duration', 'campaign', 'pdays',
                                             'previous', 'contacted_before'],
                                    transformer=SimpleImputer(add_indicator=False,
                                                              copy=True,
                                                              fill_value=None,
                                                              keep_empty_features=False,
                                                              missing_values=nan,...
                ('categorical_imputer',
                 TransformerWrapper(exclude=None, include=[],
                                    transformer=SimpleImputer(add_indicator=False,
                                                              copy=True,
                                                              fill_value=None,
                                                              keep_empty_features=False,
                                                              missing_values=nan,
                                                              strategy='most_frequent'))),
                ('clean_column_names',
                 TransformerWrapper(exclude=None, include=None,
                                    transformer=CleanColumnNames(match='[\\]\\[\\,\\{\\}\\"\\:]+')))],
         verbose=False), verbose=True, use_case=MLUsecase.CLASSIFICATION, kwargs={})
2025-07-07 11:14:32,675:INFO:Adding model into prep_pipe
2025-07-07 11:14:32,696:INFO:best_pycaret_model.pkl saved in current working directory
2025-07-07 11:14:32,704:INFO:Pipeline(memory=Memory(location=None),
         steps=[('numerical_imputer',
                 TransformerWrapper(exclude=None,
                                    include=['age', 'balance', 'day',
                                             'duration', 'campaign', 'pdays',
                                             'previous', 'contacted_before'],
                                    transformer=SimpleImputer(add_indicator=False,
                                                              copy=True,
                                                              fill_value=None,
                                                              keep_empty_features=False,
                                                              missing_values=nan,
                                                              strategy='mean'))),
                ('categorical_imputer',
                 T...
                 LGBMClassifier(boosting_type='gbdt', class_weight=None,
                                colsample_bytree=1.0, importance_type='split',
                                learning_rate=0.1, max_depth=-1,
                                min_child_samples=20, min_child_weight=0.001,
                                min_split_gain=0.0, n_estimators=100, n_jobs=-1,
                                num_leaves=31, objective=None, random_state=123,
                                reg_alpha=0.0, reg_lambda=0.0, subsample=1.0,
                                subsample_for_bin=200000, subsample_freq=0))],
         verbose=False)
2025-07-07 11:14:32,706:INFO:save_model() successfully completed......................................
